[33m⚠ [0m`python_packages` in cog.yaml is deprecated and will be removed in future versions, use `python_requirements` instead.
Building Docker image from environment in cog.yaml as r8.im/whidge/layoutlmv3-cord-receipts...
#1 [internal] load build definition from Dockerfile
#1 transferring dockerfile:
#1 transferring dockerfile: 917B 0.0s done
#1 DONE 3.9s

#2 resolve image config for docker-image://docker.io/docker/dockerfile:1.4
#2 DONE 1.4s

#3 docker-image://docker.io/docker/dockerfile:1.4@sha256:9ba7531bd80fb0a858632727cf7a112fbfd19b17e94c4e84ced81e24ef1a0dbc
#3 resolve docker.io/docker/dockerfile:1.4@sha256:9ba7531bd80fb0a858632727cf7a112fbfd19b17e94c4e84ced81e24ef1a0dbc
#3 resolve docker.io/docker/dockerfile:1.4@sha256:9ba7531bd80fb0a858632727cf7a112fbfd19b17e94c4e84ced81e24ef1a0dbc 0.9s done
#3 DONE 1.3s

#3 docker-image://docker.io/docker/dockerfile:1.4@sha256:9ba7531bd80fb0a858632727cf7a112fbfd19b17e94c4e84ced81e24ef1a0dbc
#3 CACHED

#4 [internal] load .dockerignore
#4 transferring context: 155B done
#4 DONE 0.0s

#5 [internal] load metadata for r8.im/cog-base:cuda11.8-python3.10-torch2.0.0
#5 DONE 3.1s

#6 [internal] load build context
#6 transferring context: 92.17kB done
#6 DONE 0.0s

#7 [stage-0 1/8] FROM r8.im/cog-base:cuda11.8-python3.10-torch2.0.0@sha256:3bdfabc26cfdf3b3c71454af7580073c5c614e1a9f4e0702b1e2fa21a6928831
#7 resolve r8.im/cog-base:cuda11.8-python3.10-torch2.0.0@sha256:3bdfabc26cfdf3b3c71454af7580073c5c614e1a9f4e0702b1e2fa21a6928831 0.0s done
#7 DONE 0.1s

#7 [stage-0 1/8] FROM r8.im/cog-base:cuda11.8-python3.10-torch2.0.0@sha256:3bdfabc26cfdf3b3c71454af7580073c5c614e1a9f4e0702b1e2fa21a6928831
#7 sha256:0fb4199f8cca440b0de03af69cdf50cb92d6a9ad9edc0ca1d9f654dde01ca7d1 0B / 27.24kB 0.2s
#7 sha256:4fd5577ba37a237607b3b2f536323363c61cf8e76f2d9d41ae476d4a30672ead 0B / 2.50GB 0.3s
#7 sha256:b1c388019a79e2bdc244cd6741f8c685777558218c3746bea03fdca50184ddc6 0B / 233B 0.2s
#7 sha256:277e9b65e39d18a56eebc95c7b3817f4f46a40b58e80af583b92d6c26cf0e565 0B / 168B 0.2s
#7 sha256:277e9b65e39d18a56eebc95c7b3817f4f46a40b58e80af583b92d6c26cf0e565 168B / 168B 0.6s done
#7 sha256:f142b16c1bb26fa256faed48437bb801be1e170026ba84c375d8e04802742972 0B / 83.51MB 0.2s
#7 sha256:b1c388019a79e2bdc244cd6741f8c685777558218c3746bea03fdca50184ddc6 233B / 233B 1.0s done
#7 sha256:5073794fa08286cca1fa3a22ced31214c032ae2b542ad7ea5fa103f1d5fd43a3 0B / 60.86MB 0.2s
#7 sha256:0fb4199f8cca440b0de03af69cdf50cb92d6a9ad9edc0ca1d9f654dde01ca7d1 27.24kB / 27.24kB 1.4s done
#7 sha256:be5c86c5bd1f033edc58452c3a78dd06d353eb243ab2d92d23da41fcb27de173 0B / 414.84MB 0.2s
#7 sha256:f142b16c1bb26fa256faed48437bb801be1e170026ba84c375d8e04802742972 5.24MB / 83.51MB 2.0s
#7 sha256:5073794fa08286cca1fa3a22ced31214c032ae2b542ad7ea5fa103f1d5fd43a3 4.19MB / 60.86MB 1.7s
#7 sha256:5073794fa08286cca1fa3a22ced31214c032ae2b542ad7ea5fa103f1d5fd43a3 8.39MB / 60.86MB 1.8s
#7 sha256:f142b16c1bb26fa256faed48437bb801be1e170026ba84c375d8e04802742972 10.49MB / 83.51MB 2.7s
#7 sha256:5073794fa08286cca1fa3a22ced31214c032ae2b542ad7ea5fa103f1d5fd43a3 12.58MB / 60.86MB 2.3s
#7 sha256:5073794fa08286cca1fa3a22ced31214c032ae2b542ad7ea5fa103f1d5fd43a3 16.78MB / 60.86MB 2.4s
#7 sha256:f142b16c1bb26fa256faed48437bb801be1e170026ba84c375d8e04802742972 15.73MB / 83.51MB 3.2s
#7 sha256:5073794fa08286cca1fa3a22ced31214c032ae2b542ad7ea5fa103f1d5fd43a3 20.97MB / 60.86MB 2.7s
#7 sha256:5073794fa08286cca1fa3a22ced31214c032ae2b542ad7ea5fa103f1d5fd43a3 25.17MB / 60.86MB 3.2s
#7 sha256:f142b16c1bb26fa256faed48437bb801be1e170026ba84c375d8e04802742972 19.92MB / 83.51MB 3.9s
#7 sha256:be5c86c5bd1f033edc58452c3a78dd06d353eb243ab2d92d23da41fcb27de173 20.97MB / 414.84MB 3.2s
#7 sha256:5073794fa08286cca1fa3a22ced31214c032ae2b542ad7ea5fa103f1d5fd43a3 28.31MB / 60.86MB 3.8s
#7 sha256:f142b16c1bb26fa256faed48437bb801be1e170026ba84c375d8e04802742972 26.21MB / 83.51MB 4.4s
#7 sha256:5073794fa08286cca1fa3a22ced31214c032ae2b542ad7ea5fa103f1d5fd43a3 31.46MB / 60.86MB 4.1s
#7 sha256:f142b16c1bb26fa256faed48437bb801be1e170026ba84c375d8e04802742972 31.46MB / 83.51MB 4.7s
#7 sha256:4fd5577ba37a237607b3b2f536323363c61cf8e76f2d9d41ae476d4a30672ead 83.89MB / 2.50GB 5.4s
#7 sha256:5073794fa08286cca1fa3a22ced31214c032ae2b542ad7ea5fa103f1d5fd43a3 34.60MB / 60.86MB 4.4s
#7 sha256:f142b16c1bb26fa256faed48437bb801be1e170026ba84c375d8e04802742972 35.65MB / 83.51MB 5.1s
#7 sha256:5073794fa08286cca1fa3a22ced31214c032ae2b542ad7ea5fa103f1d5fd43a3 37.75MB / 60.86MB 4.8s
#7 sha256:f142b16c1bb26fa256faed48437bb801be1e170026ba84c375d8e04802742972 41.94MB / 83.51MB 5.4s
#7 sha256:5073794fa08286cca1fa3a22ced31214c032ae2b542ad7ea5fa103f1d5fd43a3 40.89MB / 60.86MB 5.1s
#7 sha256:f142b16c1bb26fa256faed48437bb801be1e170026ba84c375d8e04802742972 48.23MB / 83.51MB 5.7s
#7 sha256:f142b16c1bb26fa256faed48437bb801be1e170026ba84c375d8e04802742972 52.43MB / 83.51MB 5.9s
#7 sha256:5073794fa08286cca1fa3a22ced31214c032ae2b542ad7ea5fa103f1d5fd43a3 45.09MB / 60.86MB 5.4s
#7 sha256:be5c86c5bd1f033edc58452c3a78dd06d353eb243ab2d92d23da41fcb27de173 41.94MB / 414.84MB 5.1s
#7 sha256:f142b16c1bb26fa256faed48437bb801be1e170026ba84c375d8e04802742972 56.62MB / 83.51MB 6.0s
#7 sha256:5073794fa08286cca1fa3a22ced31214c032ae2b542ad7ea5fa103f1d5fd43a3 48.23MB / 60.86MB 5.7s
#7 sha256:f142b16c1bb26fa256faed48437bb801be1e170026ba84c375d8e04802742972 60.82MB / 83.51MB 6.3s
#7 sha256:5073794fa08286cca1fa3a22ced31214c032ae2b542ad7ea5fa103f1d5fd43a3 51.38MB / 60.86MB 6.0s
#7 sha256:f142b16c1bb26fa256faed48437bb801be1e170026ba84c375d8e04802742972 67.11MB / 83.51MB 6.8s
#7 sha256:5073794fa08286cca1fa3a22ced31214c032ae2b542ad7ea5fa103f1d5fd43a3 55.57MB / 60.86MB 6.3s
#7 sha256:f142b16c1bb26fa256faed48437bb801be1e170026ba84c375d8e04802742972 73.40MB / 83.51MB 7.2s
#7 sha256:5073794fa08286cca1fa3a22ced31214c032ae2b542ad7ea5fa103f1d5fd43a3 58.72MB / 60.86MB 6.8s
#7 sha256:5073794fa08286cca1fa3a22ced31214c032ae2b542ad7ea5fa103f1d5fd43a3 60.86MB / 60.86MB 6.9s done
#7 sha256:f142b16c1bb26fa256faed48437bb801be1e170026ba84c375d8e04802742972 79.69MB / 83.51MB 7.5s
#7 sha256:b20018ad9038ae2491ad54ea9897384b3b85441c154fbc8b4e12b327fbe2c911 0B / 1.38MB 0.2s
#7 sha256:f142b16c1bb26fa256faed48437bb801be1e170026ba84c375d8e04802742972 83.51MB / 83.51MB 7.9s done
#7 sha256:dcb32cfc82857506127c97effa01bd4b1799ae99915918db954ab02bbba1e732 0B / 1.43GB 0.2s
#7 sha256:be5c86c5bd1f033edc58452c3a78dd06d353eb243ab2d92d23da41fcb27de173 62.91MB / 414.84MB 7.4s
#7 sha256:b20018ad9038ae2491ad54ea9897384b3b85441c154fbc8b4e12b327fbe2c911 1.38MB / 1.38MB 1.7s done
#7 sha256:bf71e149328dabf632615b78c04b4752aac879ae502c370ef835276b807709d0 0B / 88.21kB 0.2s
#7 sha256:4fd5577ba37a237607b3b2f536323363c61cf8e76f2d9d41ae476d4a30672ead 216.01MB / 2.50GB 9.9s
#7 sha256:bf71e149328dabf632615b78c04b4752aac879ae502c370ef835276b807709d0 88.21kB / 88.21kB 1.0s done
#7 sha256:f958dccde038278a0e83ff387eb66bad7b55775dc765cb3f241553861e2d2d0a 0B / 2.46GB 0.2s
#7 sha256:be5c86c5bd1f033edc58452c3a78dd06d353eb243ab2d92d23da41fcb27de173 83.89MB / 414.84MB 9.5s
#7 sha256:be5c86c5bd1f033edc58452c3a78dd06d353eb243ab2d92d23da41fcb27de173 104.86MB / 414.84MB 11.6s
#7 sha256:dcb32cfc82857506127c97effa01bd4b1799ae99915918db954ab02bbba1e732 47.19MB / 1.43GB 5.3s
#7 sha256:4fd5577ba37a237607b3b2f536323363c61cf8e76f2d9d41ae476d4a30672ead 340.79MB / 2.50GB 15.0s
#7 sha256:be5c86c5bd1f033edc58452c3a78dd06d353eb243ab2d92d23da41fcb27de173 125.83MB / 414.84MB 13.8s
#7 sha256:f958dccde038278a0e83ff387eb66bad7b55775dc765cb3f241553861e2d2d0a 60.82MB / 2.46GB 5.3s
#7 sha256:be5c86c5bd1f033edc58452c3a78dd06d353eb243ab2d92d23da41fcb27de173 146.80MB / 414.84MB 15.8s
#7 sha256:dcb32cfc82857506127c97effa01bd4b1799ae99915918db954ab02bbba1e732 120.59MB / 1.43GB 10.4s
#7 sha256:be5c86c5bd1f033edc58452c3a78dd06d353eb243ab2d92d23da41fcb27de173 167.77MB / 414.84MB 17.7s
#7 sha256:4fd5577ba37a237607b3b2f536323363c61cf8e76f2d9d41ae476d4a30672ead 438.30MB / 2.50GB 20.1s
#7 sha256:f958dccde038278a0e83ff387eb66bad7b55775dc765cb3f241553861e2d2d0a 131.07MB / 2.46GB 10.4s
#7 sha256:be5c86c5bd1f033edc58452c3a78dd06d353eb243ab2d92d23da41fcb27de173 189.79MB / 414.84MB 20.3s
#7 sha256:dcb32cfc82857506127c97effa01bd4b1799ae99915918db954ab02bbba1e732 193.99MB / 1.43GB 15.2s
#7 sha256:be5c86c5bd1f033edc58452c3a78dd06d353eb243ab2d92d23da41fcb27de173 211.81MB / 414.84MB 22.5s
#7 sha256:4fd5577ba37a237607b3b2f536323363c61cf8e76f2d9d41ae476d4a30672ead 528.48MB / 2.50GB 25.2s
#7 sha256:be5c86c5bd1f033edc58452c3a78dd06d353eb243ab2d92d23da41fcb27de173 232.78MB / 414.84MB 24.5s
#7 sha256:f958dccde038278a0e83ff387eb66bad7b55775dc765cb3f241553861e2d2d0a 195.04MB / 2.46GB 15.5s
#7 sha256:dcb32cfc82857506127c97effa01bd4b1799ae99915918db954ab02bbba1e732 266.34MB / 1.43GB 19.2s
#7 sha256:be5c86c5bd1f033edc58452c3a78dd06d353eb243ab2d92d23da41fcb27de173 254.80MB / 414.84MB 26.3s
#7 sha256:be5c86c5bd1f033edc58452c3a78dd06d353eb243ab2d92d23da41fcb27de173 276.82MB / 414.84MB 28.4s
#7 sha256:4fd5577ba37a237607b3b2f536323363c61cf8e76f2d9d41ae476d4a30672ead 606.08MB / 2.50GB 30.3s
#7 sha256:dcb32cfc82857506127c97effa01bd4b1799ae99915918db954ab02bbba1e732 338.69MB / 1.43GB 22.4s
#7 sha256:f958dccde038278a0e83ff387eb66bad7b55775dc765cb3f241553861e2d2d0a 260.05MB / 2.46GB 20.6s
#7 sha256:be5c86c5bd1f033edc58452c3a78dd06d353eb243ab2d92d23da41fcb27de173 298.84MB / 414.84MB 30.0s
#7 sha256:be5c86c5bd1f033edc58452c3a78dd06d353eb243ab2d92d23da41fcb27de173 319.82MB / 414.84MB 31.8s
#7 sha256:be5c86c5bd1f033edc58452c3a78dd06d353eb243ab2d92d23da41fcb27de173 340.79MB / 414.84MB 33.0s
#7 sha256:dcb32cfc82857506127c97effa01bd4b1799ae99915918db954ab02bbba1e732 413.14MB / 1.43GB 26.3s
#7 sha256:4fd5577ba37a237607b3b2f536323363c61cf8e76f2d9d41ae476d4a30672ead 658.51MB / 2.50GB 35.4s
#7 sha256:be5c86c5bd1f033edc58452c3a78dd06d353eb243ab2d92d23da41fcb27de173 362.81MB / 414.84MB 34.1s
#7 sha256:f958dccde038278a0e83ff387eb66bad7b55775dc765cb3f241553861e2d2d0a 314.57MB / 2.46GB 25.7s
#7 sha256:be5c86c5bd1f033edc58452c3a78dd06d353eb243ab2d92d23da41fcb27de173 383.78MB / 414.84MB 35.3s
#7 sha256:be5c86c5bd1f033edc58452c3a78dd06d353eb243ab2d92d23da41fcb27de173 404.75MB / 414.84MB 36.3s
#7 sha256:be5c86c5bd1f033edc58452c3a78dd06d353eb243ab2d92d23da41fcb27de173 414.84MB / 414.84MB 36.8s done
#7 sha256:dcb32cfc82857506127c97effa01bd4b1799ae99915918db954ab02bbba1e732 488.64MB / 1.43GB 29.9s
#7 sha256:9c069ced2869d98b7c7ff90c0f223b9585ee7d338aa4448802172696ef88bf41 0B / 1.52kB 0.2s
#7 sha256:9c069ced2869d98b7c7ff90c0f223b9585ee7d338aa4448802172696ef88bf41 1.52kB / 1.52kB 1.1s
#7 sha256:402538bc3f00f70441f4d416addf0cb80b4c86e7626032e9d8c36ebdc69cfcaa 0B / 1.68kB 0.2s
#7 sha256:402538bc3f00f70441f4d416addf0cb80b4c86e7626032e9d8c36ebdc69cfcaa 1.68kB / 1.68kB 0.5s done
#7 sha256:f53d7089987bf5f503f86a2b277da916c9f0ed54b90370bbe37ce9225e589817 0B / 63.68kB 0.2s
#7 sha256:4fd5577ba37a237607b3b2f536323363c61cf8e76f2d9d41ae476d4a30672ead 726.66MB / 2.50GB 40.5s
#7 sha256:f53d7089987bf5f503f86a2b277da916c9f0ed54b90370bbe37ce9225e589817 63.68kB / 63.68kB 1.1s done
#7 sha256:4738f81f33f0894fbaca5e0b51628bb62ef0c45efcd36c3e3af4e69e5a59f8be 0B / 6.88kB 0.2s
#7 sha256:f958dccde038278a0e83ff387eb66bad7b55775dc765cb3f241553861e2d2d0a 399.51MB / 2.46GB 30.8s
#7 sha256:dcb32cfc82857506127c97effa01bd4b1799ae99915918db954ab02bbba1e732 562.04MB / 1.43GB 33.0s
#7 sha256:4738f81f33f0894fbaca5e0b51628bb62ef0c45efcd36c3e3af4e69e5a59f8be 6.88kB / 6.88kB 1.1s
#7 sha256:4738f81f33f0894fbaca5e0b51628bb62ef0c45efcd36c3e3af4e69e5a59f8be 6.88kB / 6.88kB 1.1s done
#7 sha256:0fda777aa4ea8d657835960e32d22cdb6c7a1517c7f2bf2a0bc8e0c05c2ff6b2 0B / 1.38GB 0.2s
#7 sha256:4fd5577ba37a237607b3b2f536323363c61cf8e76f2d9d41ae476d4a30672ead 796.92MB / 2.50GB 45.6s
#7 sha256:dcb32cfc82857506127c97effa01bd4b1799ae99915918db954ab02bbba1e732 634.39MB / 1.43GB 37.5s
#7 sha256:f958dccde038278a0e83ff387eb66bad7b55775dc765cb3f241553861e2d2d0a 513.80MB / 2.46GB 35.9s
#7 sha256:0fda777aa4ea8d657835960e32d22cdb6c7a1517c7f2bf2a0bc8e0c05c2ff6b2 66.06MB / 1.38GB 5.3s
#7 sha256:4fd5577ba37a237607b3b2f536323363c61cf8e76f2d9d41ae476d4a30672ead 848.30MB / 2.50GB 50.7s
#7 sha256:dcb32cfc82857506127c97effa01bd4b1799ae99915918db954ab02bbba1e732 704.64MB / 1.43GB 42.6s
#7 sha256:f958dccde038278a0e83ff387eb66bad7b55775dc765cb3f241553861e2d2d0a 617.61MB / 2.46GB 40.9s
#7 sha256:0fda777aa4ea8d657835960e32d22cdb6c7a1517c7f2bf2a0bc8e0c05c2ff6b2 136.31MB / 1.38GB 9.5s
#7 sha256:4fd5577ba37a237607b3b2f536323363c61cf8e76f2d9d41ae476d4a30672ead 918.55MB / 2.50GB 55.8s
#7 sha256:dcb32cfc82857506127c97effa01bd4b1799ae99915918db954ab02bbba1e732 775.95MB / 1.43GB 47.7s
#7 sha256:f958dccde038278a0e83ff387eb66bad7b55775dc765cb3f241553861e2d2d0a 720.37MB / 2.46GB 46.1s
#7 sha256:0fda777aa4ea8d657835960e32d22cdb6c7a1517c7f2bf2a0bc8e0c05c2ff6b2 205.52MB / 1.38GB 14.6s
#7 sha256:4fd5577ba37a237607b3b2f536323363c61cf8e76f2d9d41ae476d4a30672ead 999.29MB / 2.50GB 60.9s
#7 sha256:dcb32cfc82857506127c97effa01bd4b1799ae99915918db954ab02bbba1e732 836.76MB / 1.43GB 52.8s
#7 sha256:f958dccde038278a0e83ff387eb66bad7b55775dc765cb3f241553861e2d2d0a 829.42MB / 2.46GB 51.1s
#7 sha256:0fda777aa4ea8d657835960e32d22cdb6c7a1517c7f2bf2a0bc8e0c05c2ff6b2 274.73MB / 1.38GB 19.4s
#7 sha256:4fd5577ba37a237607b3b2f536323363c61cf8e76f2d9d41ae476d4a30672ead 1.08GB / 2.50GB 66.0s
#7 sha256:dcb32cfc82857506127c97effa01bd4b1799ae99915918db954ab02bbba1e732 905.97MB / 1.43GB 57.9s
#7 sha256:f958dccde038278a0e83ff387eb66bad7b55775dc765cb3f241553861e2d2d0a 935.33MB / 2.46GB 56.3s
#7 sha256:0fda777aa4ea8d657835960e32d22cdb6c7a1517c7f2bf2a0bc8e0c05c2ff6b2 343.85MB / 1.38GB 24.5s
#7 sha256:4fd5577ba37a237607b3b2f536323363c61cf8e76f2d9d41ae476d4a30672ead 1.15GB / 2.50GB 71.1s
#7 sha256:dcb32cfc82857506127c97effa01bd4b1799ae99915918db954ab02bbba1e732 980.42MB / 1.43GB 62.9s
#7 sha256:f958dccde038278a0e83ff387eb66bad7b55775dc765cb3f241553861e2d2d0a 1.05GB / 2.46GB 61.4s
#7 sha256:0fda777aa4ea8d657835960e32d22cdb6c7a1517c7f2bf2a0bc8e0c05c2ff6b2 412.09MB / 1.38GB 29.6s
#7 sha256:4fd5577ba37a237607b3b2f536323363c61cf8e76f2d9d41ae476d4a30672ead 1.22GB / 2.50GB 76.2s
#7 sha256:dcb32cfc82857506127c97effa01bd4b1799ae99915918db954ab02bbba1e732 1.05GB / 1.43GB 68.0s
#7 sha256:f958dccde038278a0e83ff387eb66bad7b55775dc765cb3f241553861e2d2d0a 1.16GB / 2.46GB 66.5s
#7 sha256:0fda777aa4ea8d657835960e32d22cdb6c7a1517c7f2bf2a0bc8e0c05c2ff6b2 480.25MB / 1.38GB 34.7s
#7 sha256:4fd5577ba37a237607b3b2f536323363c61cf8e76f2d9d41ae476d4a30672ead 1.29GB / 2.50GB 81.3s
#7 sha256:dcb32cfc82857506127c97effa01bd4b1799ae99915918db954ab02bbba1e732 1.12GB / 1.43GB 72.9s
#7 sha256:0fda777aa4ea8d657835960e32d22cdb6c7a1517c7f2bf2a0bc8e0c05c2ff6b2 551.55MB / 1.38GB 39.6s
#7 sha256:f958dccde038278a0e83ff387eb66bad7b55775dc765cb3f241553861e2d2d0a 1.27GB / 2.46GB 71.6s
#7 sha256:4fd5577ba37a237607b3b2f536323363c61cf8e76f2d9d41ae476d4a30672ead 1.36GB / 2.50GB 86.4s
#7 sha256:dcb32cfc82857506127c97effa01bd4b1799ae99915918db954ab02bbba1e732 1.19GB / 1.43GB 78.0s
#7 sha256:0fda777aa4ea8d657835960e32d22cdb6c7a1517c7f2bf2a0bc8e0c05c2ff6b2 620.76MB / 1.38GB 44.7s
#7 sha256:f958dccde038278a0e83ff387eb66bad7b55775dc765cb3f241553861e2d2d0a 1.37GB / 2.46GB 76.7s
#7 sha256:4fd5577ba37a237607b3b2f536323363c61cf8e76f2d9d41ae476d4a30672ead 1.43GB / 2.50GB 91.5s
#7 sha256:dcb32cfc82857506127c97effa01bd4b1799ae99915918db954ab02bbba1e732 1.26GB / 1.43GB 83.1s
#7 sha256:0fda777aa4ea8d657835960e32d22cdb6c7a1517c7f2bf2a0bc8e0c05c2ff6b2 691.01MB / 1.38GB 49.8s
#7 sha256:f958dccde038278a0e83ff387eb66bad7b55775dc765cb3f241553861e2d2d0a 1.47GB / 2.46GB 81.8s
#7 sha256:4fd5577ba37a237607b3b2f536323363c61cf8e76f2d9d41ae476d4a30672ead 1.52GB / 2.50GB 96.6s
#7 sha256:dcb32cfc82857506127c97effa01bd4b1799ae99915918db954ab02bbba1e732 1.34GB / 1.43GB 88.2s
#7 sha256:0fda777aa4ea8d657835960e32d22cdb6c7a1517c7f2bf2a0bc8e0c05c2ff6b2 757.07MB / 1.38GB 54.9s
#7 sha256:f958dccde038278a0e83ff387eb66bad7b55775dc765cb3f241553861e2d2d0a 1.56GB / 2.46GB 86.9s
#7 sha256:4fd5577ba37a237607b3b2f536323363c61cf8e76f2d9d41ae476d4a30672ead 1.59GB / 2.50GB 101.7s
#7 sha256:dcb32cfc82857506127c97effa01bd4b1799ae99915918db954ab02bbba1e732 1.41GB / 1.43GB 93.3s
#7 sha256:0fda777aa4ea8d657835960e32d22cdb6c7a1517c7f2bf2a0bc8e0c05c2ff6b2 824.18MB / 1.38GB 60.0s
#7 sha256:f958dccde038278a0e83ff387eb66bad7b55775dc765cb3f241553861e2d2d0a 1.65GB / 2.46GB 92.0s
#7 sha256:dcb32cfc82857506127c97effa01bd4b1799ae99915918db954ab02bbba1e732 1.43GB / 1.43GB 95.3s done
#7 sha256:035a7917492c06d9a7336a62fd5ead9d44dfb2fbac7db95c6a640b645b85a5b4 0B / 184B 0.2s
#7 sha256:035a7917492c06d9a7336a62fd5ead9d44dfb2fbac7db95c6a640b645b85a5b4 184B / 184B 1.3s done
#7 sha256:4a1c197b00a6cfcb9d2e361de33d563b676a97b9c9cdf235312e9f132d5050da 0B / 56.23MB 0.2s
#7 sha256:0fda777aa4ea8d657835960e32d22cdb6c7a1517c7f2bf2a0bc8e0c05c2ff6b2 894.44MB / 1.38GB 64.4s
#7 sha256:4a1c197b00a6cfcb9d2e361de33d563b676a97b9c9cdf235312e9f132d5050da 4.19MB / 56.23MB 1.5s
#7 sha256:4fd5577ba37a237607b3b2f536323363c61cf8e76f2d9d41ae476d4a30672ead 1.66GB / 2.50GB 106.8s
#7 sha256:4a1c197b00a6cfcb9d2e361de33d563b676a97b9c9cdf235312e9f132d5050da 8.08MB / 56.23MB 1.8s
#7 sha256:4a1c197b00a6cfcb9d2e361de33d563b676a97b9c9cdf235312e9f132d5050da 11.53MB / 56.23MB 2.1s
#7 sha256:f958dccde038278a0e83ff387eb66bad7b55775dc765cb3f241553861e2d2d0a 1.76GB / 2.46GB 97.1s
#7 sha256:4a1c197b00a6cfcb9d2e361de33d563b676a97b9c9cdf235312e9f132d5050da 15.73MB / 56.23MB 2.4s
#7 sha256:4a1c197b00a6cfcb9d2e361de33d563b676a97b9c9cdf235312e9f132d5050da 18.87MB / 56.23MB 2.7s
#7 sha256:4a1c197b00a6cfcb9d2e361de33d563b676a97b9c9cdf235312e9f132d5050da 23.07MB / 56.23MB 3.2s
#7 sha256:4a1c197b00a6cfcb9d2e361de33d563b676a97b9c9cdf235312e9f132d5050da 27.26MB / 56.23MB 3.6s
#7 sha256:4a1c197b00a6cfcb9d2e361de33d563b676a97b9c9cdf235312e9f132d5050da 31.46MB / 56.23MB 4.1s
#7 sha256:4a1c197b00a6cfcb9d2e361de33d563b676a97b9c9cdf235312e9f132d5050da 35.65MB / 56.23MB 4.4s
#7 sha256:4a1c197b00a6cfcb9d2e361de33d563b676a97b9c9cdf235312e9f132d5050da 38.80MB / 56.23MB 4.7s
#7 sha256:4a1c197b00a6cfcb9d2e361de33d563b676a97b9c9cdf235312e9f132d5050da 41.94MB / 56.23MB 5.0s
#7 sha256:4a1c197b00a6cfcb9d2e361de33d563b676a97b9c9cdf235312e9f132d5050da 45.09MB / 56.23MB 5.3s
#7 sha256:4a1c197b00a6cfcb9d2e361de33d563b676a97b9c9cdf235312e9f132d5050da 48.23MB / 56.23MB 5.6s
#7 sha256:0fda777aa4ea8d657835960e32d22cdb6c7a1517c7f2bf2a0bc8e0c05c2ff6b2 963.64MB / 1.38GB 68.6s
#7 sha256:4a1c197b00a6cfcb9d2e361de33d563b676a97b9c9cdf235312e9f132d5050da 52.43MB / 56.23MB 5.9s
#7 sha256:4a1c197b00a6cfcb9d2e361de33d563b676a97b9c9cdf235312e9f132d5050da 56.23MB / 56.23MB 6.2s done
#7 sha256:72ec2a519b5b7282bcb27b494b06be9ab38c17ea27229740598554f66237477e 0B / 4.62MB 0.2s
#7 sha256:4fd5577ba37a237607b3b2f536323363c61cf8e76f2d9d41ae476d4a30672ead 1.73GB / 2.50GB 111.9s
#7 sha256:72ec2a519b5b7282bcb27b494b06be9ab38c17ea27229740598554f66237477e 2.10MB / 4.62MB 1.2s
#7 sha256:72ec2a519b5b7282bcb27b494b06be9ab38c17ea27229740598554f66237477e 3.15MB / 4.62MB 1.4s
#7 sha256:f958dccde038278a0e83ff387eb66bad7b55775dc765cb3f241553861e2d2d0a 1.88GB / 2.46GB 102.2s
#7 sha256:72ec2a519b5b7282bcb27b494b06be9ab38c17ea27229740598554f66237477e 4.62MB / 4.62MB 1.5s done
#7 sha256:c46eff6a75784365649966fa7f05583e716693158cd284596229f36ba2e4ddf0 0B / 30.44MB 0.2s
#7 sha256:0fda777aa4ea8d657835960e32d22cdb6c7a1517c7f2bf2a0bc8e0c05c2ff6b2 1.03GB / 1.38GB 72.0s
#7 sha256:c46eff6a75784365649966fa7f05583e716693158cd284596229f36ba2e4ddf0 3.15MB / 30.44MB 1.5s
#7 sha256:c46eff6a75784365649966fa7f05583e716693158cd284596229f36ba2e4ddf0 6.29MB / 30.44MB 1.7s
#7 sha256:c46eff6a75784365649966fa7f05583e716693158cd284596229f36ba2e4ddf0 9.44MB / 30.44MB 2.0s
#7 sha256:c46eff6a75784365649966fa7f05583e716693158cd284596229f36ba2e4ddf0 11.53MB / 30.44MB 2.1s
#7 sha256:c46eff6a75784365649966fa7f05583e716693158cd284596229f36ba2e4ddf0 14.68MB / 30.44MB 2.4s
#7 sha256:c46eff6a75784365649966fa7f05583e716693158cd284596229f36ba2e4ddf0 16.78MB / 30.44MB 2.6s
#7 sha256:c46eff6a75784365649966fa7f05583e716693158cd284596229f36ba2e4ddf0 18.87MB / 30.44MB 2.7s
#7 sha256:c46eff6a75784365649966fa7f05583e716693158cd284596229f36ba2e4ddf0 22.02MB / 30.44MB 3.0s
#7 sha256:c46eff6a75784365649966fa7f05583e716693158cd284596229f36ba2e4ddf0 25.17MB / 30.44MB 3.2s
#7 sha256:c46eff6a75784365649966fa7f05583e716693158cd284596229f36ba2e4ddf0 28.31MB / 30.44MB 3.5s
#7 sha256:c46eff6a75784365649966fa7f05583e716693158cd284596229f36ba2e4ddf0 30.44MB / 30.44MB 3.6s
#7 sha256:c46eff6a75784365649966fa7f05583e716693158cd284596229f36ba2e4ddf0 30.44MB / 30.44MB 4.2s done
#7 sha256:4fd5577ba37a237607b3b2f536323363c61cf8e76f2d9d41ae476d4a30672ead 1.80GB / 2.50GB 117.0s
#7 extracting sha256:c46eff6a75784365649966fa7f05583e716693158cd284596229f36ba2e4ddf0
#7 extracting sha256:c46eff6a75784365649966fa7f05583e716693158cd284596229f36ba2e4ddf0 0.4s done
#7 extracting sha256:72ec2a519b5b7282bcb27b494b06be9ab38c17ea27229740598554f66237477e 0.1s done
#7 extracting sha256:4a1c197b00a6cfcb9d2e361de33d563b676a97b9c9cdf235312e9f132d5050da
#7 sha256:f958dccde038278a0e83ff387eb66bad7b55775dc765cb3f241553861e2d2d0a 2.00GB / 2.46GB 107.3s
#7 sha256:0fda777aa4ea8d657835960e32d22cdb6c7a1517c7f2bf2a0bc8e0c05c2ff6b2 1.11GB / 1.38GB 75.5s
#7 extracting sha256:4a1c197b00a6cfcb9d2e361de33d563b676a97b9c9cdf235312e9f132d5050da 0.7s done
#7 extracting sha256:035a7917492c06d9a7336a62fd5ead9d44dfb2fbac7db95c6a640b645b85a5b4 done
#7 extracting sha256:4738f81f33f0894fbaca5e0b51628bb62ef0c45efcd36c3e3af4e69e5a59f8be done
#7 sha256:0fda777aa4ea8d657835960e32d22cdb6c7a1517c7f2bf2a0bc8e0c05c2ff6b2 1.18GB / 1.38GB 78.5s
#7 sha256:4fd5577ba37a237607b3b2f536323363c61cf8e76f2d9d41ae476d4a30672ead 1.87GB / 2.50GB 122.1s
#7 sha256:f958dccde038278a0e83ff387eb66bad7b55775dc765cb3f241553861e2d2d0a 2.13GB / 2.46GB 112.2s
#7 sha256:0fda777aa4ea8d657835960e32d22cdb6c7a1517c7f2bf2a0bc8e0c05c2ff6b2 1.25GB / 1.38GB 81.6s
#7 sha256:0fda777aa4ea8d657835960e32d22cdb6c7a1517c7f2bf2a0bc8e0c05c2ff6b2 1.32GB / 1.38GB 84.8s
#7 sha256:4fd5577ba37a237607b3b2f536323363c61cf8e76f2d9d41ae476d4a30672ead 1.94GB / 2.50GB 127.2s
#7 sha256:f958dccde038278a0e83ff387eb66bad7b55775dc765cb3f241553861e2d2d0a 2.26GB / 2.46GB 117.0s
#7 sha256:0fda777aa4ea8d657835960e32d22cdb6c7a1517c7f2bf2a0bc8e0c05c2ff6b2 1.38GB / 1.38GB 86.7s done
#7 extracting sha256:0fda777aa4ea8d657835960e32d22cdb6c7a1517c7f2bf2a0bc8e0c05c2ff6b2
#7 sha256:f958dccde038278a0e83ff387eb66bad7b55775dc765cb3f241553861e2d2d0a 2.38GB / 2.46GB 120.4s
#7 sha256:4fd5577ba37a237607b3b2f536323363c61cf8e76f2d9d41ae476d4a30672ead 2.03GB / 2.50GB 133.1s
#7 sha256:f958dccde038278a0e83ff387eb66bad7b55775dc765cb3f241553861e2d2d0a 2.46GB / 2.46GB 124.0s done
#7 sha256:4fd5577ba37a237607b3b2f536323363c61cf8e76f2d9d41ae476d4a30672ead 2.16GB / 2.50GB 137.3s
#7 sha256:4fd5577ba37a237607b3b2f536323363c61cf8e76f2d9d41ae476d4a30672ead 2.29GB / 2.50GB 140.9s
#7 sha256:4fd5577ba37a237607b3b2f536323363c61cf8e76f2d9d41ae476d4a30672ead 2.42GB / 2.50GB 144.2s
#7 sha256:4fd5577ba37a237607b3b2f536323363c61cf8e76f2d9d41ae476d4a30672ead 2.50GB / 2.50GB 149.2s done
#7 extracting sha256:0fda777aa4ea8d657835960e32d22cdb6c7a1517c7f2bf2a0bc8e0c05c2ff6b2 27.4s done
#7 DONE 156.4s

#7 [stage-0 1/8] FROM r8.im/cog-base:cuda11.8-python3.10-torch2.0.0@sha256:3bdfabc26cfdf3b3c71454af7580073c5c614e1a9f4e0702b1e2fa21a6928831
#7 extracting sha256:f53d7089987bf5f503f86a2b277da916c9f0ed54b90370bbe37ce9225e589817 0.0s done
#7 extracting sha256:402538bc3f00f70441f4d416addf0cb80b4c86e7626032e9d8c36ebdc69cfcaa done
#7 extracting sha256:9c069ced2869d98b7c7ff90c0f223b9585ee7d338aa4448802172696ef88bf41 done
#7 extracting sha256:f958dccde038278a0e83ff387eb66bad7b55775dc765cb3f241553861e2d2d0a
#7 extracting sha256:f958dccde038278a0e83ff387eb66bad7b55775dc765cb3f241553861e2d2d0a 18.2s done
#7 DONE 174.7s

#8 [stage-0 2/8] RUN --mount=type=cache,target=/var/cache/apt,sharing=locked apt-get update -qq && apt-get install -qqy libgl1-mesa-glx tesseract-ocr libtesseract-dev && rm -rf /var/lib/apt/lists/*
#8 ERROR: write /var/lib/desktop-containerd/daemon/io.containerd.snapshotter.v1.overlayfs/snapshots/77/fs/usr/local/cuda-11.8/targets/x86_64-linux/lib/libcublasLt_static.a: input/output error
------
 > [stage-0 2/8] RUN --mount=type=cache,target=/var/cache/apt,sharing=locked apt-get update -qq && apt-get install -qqy libgl1-mesa-glx tesseract-ocr libtesseract-dev && rm -rf /var/lib/apt/lists/*:
------
[31mⅹ [0mFailed to build Docker image: failed to solve: failed to compute cache key: write /var/lib/desktop-containerd/daemon/io.containerd.snapshotter.v1.overlayfs/snapshots/77/fs/usr/local/cuda-11.8/targets/x86_64-linux/lib/libcublasLt_static.a: input/output error
